0 info it worked if it ends with ok
1 verbose cli [ 'C:\\Program Files\\nodejs\\node.exe',
1 verbose cli   'C:\\Users\\Jason Thomas\\AppData\\Roaming\\npm\\node_modules\\npm\\bin\\npm-cli.js',
1 verbose cli   'publish' ]
2 info using npm@3.10.8
3 info using node@v6.9.1
4 verbose publish [ '.' ]
5 silly cache add args [ '.', null ]
6 verbose cache add spec .
7 silly cache add parsed spec Result {
7 silly cache add   raw: '.',
7 silly cache add   scope: null,
7 silly cache add   escapedName: null,
7 silly cache add   name: null,
7 silly cache add   rawSpec: '.',
7 silly cache add   spec: 'C:\\Users\\Jason Thomas\\Documents\\dev\\webdev\\GOAT-yeoman',
7 silly cache add   type: 'directory' }
8 verbose addLocalDirectory C:\Users\Jason Thomas\AppData\Roaming\npm-cache\generator-goat\1.0.0\package.tgz not in flight; packing
9 verbose correctMkdir C:\Users\Jason Thomas\AppData\Roaming\npm-cache correctMkdir not in flight; initializing
10 info lifecycle generator-goat@1.0.0~prepublish: generator-goat@1.0.0
11 silly lifecycle generator-goat@1.0.0~prepublish: no script for prepublish, continuing
12 verbose tar pack [ 'C:\\Users\\Jason Thomas\\AppData\\Roaming\\npm-cache\\generator-goat\\1.0.0\\package.tgz',
12 verbose tar pack   'C:\\Users\\Jason Thomas\\Documents\\dev\\webdev\\GOAT-yeoman' ]
13 verbose tarball C:\Users\Jason Thomas\AppData\Roaming\npm-cache\generator-goat\1.0.0\package.tgz
14 verbose folder C:\Users\Jason Thomas\Documents\dev\webdev\GOAT-yeoman
15 verbose addLocalTarball adding from inside cache C:\Users\Jason Thomas\AppData\Roaming\npm-cache\generator-goat\1.0.0\package.tgz
16 verbose correctMkdir C:\Users\Jason Thomas\AppData\Roaming\npm-cache correctMkdir not in flight; initializing
17 silly cache afterAdd generator-goat@1.0.0
18 verbose afterAdd C:\Users\Jason Thomas\AppData\Roaming\npm-cache\generator-goat\1.0.0\package\package.json not in flight; writing
19 verbose correctMkdir C:\Users\Jason Thomas\AppData\Roaming\npm-cache correctMkdir not in flight; initializing
20 verbose afterAdd C:\Users\Jason Thomas\AppData\Roaming\npm-cache\generator-goat\1.0.0\package\package.json written
21 silly publish { name: 'generator-goat',
21 silly publish   version: '1.0.0',
21 silly publish   description: 'yo generator for the GOAT-stack, a MEAN stack that puts SEO and scale-ability first',
21 silly publish   files:
21 silly publish    [ 'generators/app',
21 silly publish      'generators/component',
21 silly publish      'generators/actions',
21 silly publish      'generators/directive',
21 silly publish      'generators/endpoint',
21 silly publish      'generators/pipe',
21 silly publish      'generators/service',
21 silly publish      'generators/store-item' ],
21 silly publish   scripts: { test: 'echo "Error: no test specified" && exit 1' },
21 silly publish   repository:
21 silly publish    { type: 'git',
21 silly publish      url: 'git+https://github.com/JCThomas4214/GOAT-yeoman.git' },
21 silly publish   keywords: [ 'yeoman-generator' ],
21 silly publish   author: { name: 'GOAT' },
21 silly publish   license: 'MIT',
21 silly publish   bugs: { url: 'https://github.com/JCThomas4214/GOAT-yeoman/issues' },
21 silly publish   homepage: 'https://github.com/JCThomas4214/GOAT-yeoman#readme',
21 silly publish   dependencies:
21 silly publish    { del: '^2.2.2',
21 silly publish      'graceful-fs': '^4.1.10',
21 silly publish      lodash: '^4.16.6',
21 silly publish      'yeoman-generator': '^0.24.1' },
21 silly publish   readme: '# GOAT-yeoman\r\nyo generator for the [GOAT-stack](https://github.com/projectSHAI/GOAT-stack), a MEAN stack that puts SEO and scale-ability first\r\n',
21 silly publish   readmeFilename: 'README.md',
21 silly publish   gitHead: '676580286fc2b68cdbfc742644e2390c04519bce',
21 silly publish   _id: 'generator-goat@1.0.0',
21 silly publish   _shasum: '096a27842431b9517730e1e5c2617acb58f9a604',
21 silly publish   _from: '.' }
22 verbose getPublishConfig undefined
23 silly mapToRegistry name generator-goat
24 silly mapToRegistry using default registry
25 silly mapToRegistry registry https://registry.npmjs.org/
26 silly mapToRegistry data Result {
26 silly mapToRegistry   raw: 'generator-goat',
26 silly mapToRegistry   scope: null,
26 silly mapToRegistry   escapedName: 'generator-goat',
26 silly mapToRegistry   name: 'generator-goat',
26 silly mapToRegistry   rawSpec: '',
26 silly mapToRegistry   spec: 'latest',
26 silly mapToRegistry   type: 'tag' }
27 silly mapToRegistry uri https://registry.npmjs.org/generator-goat
28 verbose publish registryBase https://registry.npmjs.org/
29 silly publish uploading C:\Users\Jason Thomas\AppData\Roaming\npm-cache\generator-goat\1.0.0\package.tgz
30 verbose request uri https://registry.npmjs.org/generator-goat
31 verbose request sending authorization for write operation
32 info attempt registry request try #1 at 5:19:23 PM
33 verbose request using bearer token for auth
34 verbose request id fcd0f1f086435711
35 http request PUT https://registry.npmjs.org/generator-goat
36 http 403 https://registry.npmjs.org/generator-goat
37 verbose headers { 'content-type': 'application/json',
37 verbose headers   'cache-control': 'max-age=300',
37 verbose headers   'content-length': '108',
37 verbose headers   'accept-ranges': 'bytes',
37 verbose headers   date: 'Sun, 04 Dec 2016 01:19:23 GMT',
37 verbose headers   via: '1.1 varnish',
37 verbose headers   connection: 'keep-alive',
37 verbose headers   'x-served-by': 'cache-atl6221-ATL',
37 verbose headers   'x-cache': 'MISS',
37 verbose headers   'x-cache-hits': '0',
37 verbose headers   'x-timer': 'S1480814362.603126,VS0,VE489',
37 verbose headers   vary: 'Accept-Encoding' }
38 verbose request invalidating C:\Users\Jason Thomas\AppData\Roaming\npm-cache\registry.npmjs.org\generator-goat on PUT
39 error publish Failed PUT 403
40 verbose stack Error: you do not have permission to publish "generator-goat". Are you logged in as the correct user? : generator-goat
40 verbose stack     at makeError (C:\Users\Jason Thomas\AppData\Roaming\npm\node_modules\npm\node_modules\npm-registry-client\lib\request.js:302:12)
40 verbose stack     at CachingRegistryClient.<anonymous> (C:\Users\Jason Thomas\AppData\Roaming\npm\node_modules\npm\node_modules\npm-registry-client\lib\request.js:290:14)
40 verbose stack     at Request._callback (C:\Users\Jason Thomas\AppData\Roaming\npm\node_modules\npm\node_modules\npm-registry-client\lib\request.js:210:14)
40 verbose stack     at Request.self.callback (C:\Users\Jason Thomas\AppData\Roaming\npm\node_modules\npm\node_modules\request\request.js:187:22)
40 verbose stack     at emitTwo (events.js:106:13)
40 verbose stack     at Request.emit (events.js:191:7)
40 verbose stack     at Request.<anonymous> (C:\Users\Jason Thomas\AppData\Roaming\npm\node_modules\npm\node_modules\request\request.js:1044:10)
40 verbose stack     at emitOne (events.js:96:13)
40 verbose stack     at Request.emit (events.js:188:7)
40 verbose stack     at IncomingMessage.<anonymous> (C:\Users\Jason Thomas\AppData\Roaming\npm\node_modules\npm\node_modules\request\request.js:965:12)
41 verbose statusCode 403
42 verbose pkgid generator-goat
43 verbose cwd C:\Users\Jason Thomas\Documents\dev\webdev\GOAT-yeoman
44 error Windows_NT 10.0.14393
45 error argv "C:\\Program Files\\nodejs\\node.exe" "C:\\Users\\Jason Thomas\\AppData\\Roaming\\npm\\node_modules\\npm\\bin\\npm-cli.js" "publish"
46 error node v6.9.1
47 error npm  v3.10.8
48 error code E403
49 error you do not have permission to publish "generator-goat". Are you logged in as the correct user? : generator-goat
50 error If you need help, you may report this error at:
50 error     <https://github.com/npm/npm/issues>
51 verbose exit [ 1, true ]
